<?xml version="1.0" encoding="UTF-8"?>
<!-- Generated by org.testng.reporters.JUnitXMLReporter -->
<testsuite ignored="0" hostname="JKL029" failures="0" tests="5" name="Default test" time="0.077" errors="0" timestamp="2024-06-12T10:07:00 IST">
  <testcase classname="com.jkl.testCases.BaseClass" name="@BeforeTest Setup" time="-1.718167019913E9">
    <failure type="org.testng.TestNGException" message="
Parameter &amp;apos;browser&amp;apos; is required by BeforeTest on method Setup but has not been marked @Optional or defined
in C:\Users\User\AppData\Local\Temp\testng-eclipse-989012259\testng-customsuite.xml">
      <![CDATA[org.testng.TestNGException: 
Parameter 'browser' is required by BeforeTest on method Setup but has not been marked @Optional or defined
in C:\Users\User\AppData\Local\Temp\testng-eclipse-989012259\testng-customsuite.xml
at org.testng.internal.Parameters.createParams(Parameters.java:270)
at org.testng.internal.Parameters.createParametersForMethod(Parameters.java:358)
at org.testng.internal.Parameters.createParameters(Parameters.java:700)
at org.testng.internal.Parameters.createConfigurationParameters(Parameters.java:168)
at org.testng.internal.ConfigInvoker.invokeConfigurations(ConfigInvoker.java:302)
at org.testng.TestRunner.invokeTestConfigurations(TestRunner.java:637)
at org.testng.TestRunner.beforeRun(TestRunner.java:627)
at org.testng.TestRunner.run(TestRunner.java:589)
at org.testng.SuiteRunner.runTest(SuiteRunner.java:377)
at org.testng.SuiteRunner.runSequentially(SuiteRunner.java:371)
at org.testng.SuiteRunner.privateRun(SuiteRunner.java:332)
at org.testng.SuiteRunner.run(SuiteRunner.java:276)
at org.testng.SuiteRunnerWorker.runSuite(SuiteRunnerWorker.java:53)
at org.testng.SuiteRunnerWorker.run(SuiteRunnerWorker.java:96)
at org.testng.TestNG.runSuitesSequentially(TestNG.java:1212)
at org.testng.TestNG.runSuitesLocally(TestNG.java:1134)
at org.testng.TestNG.runSuites(TestNG.java:1063)
at org.testng.TestNG.run(TestNG.java:1031)
at org.testng.remote.AbstractRemoteTestNG.run(AbstractRemoteTestNG.java:115)
at org.testng.remote.RemoteTestNG.initAndRun(RemoteTestNG.java:251)
at org.testng.remote.RemoteTestNG.main(RemoteTestNG.java:77)
]]>
    </failure>
  </testcase> <!-- @BeforeTest Setup -->
  <testcase classname="com.jkl.testCases.BaseClass" name="@BeforeClass Login" time="-1.718167019939E9">
    <skipped/>
  </testcase> <!-- @BeforeClass Login -->
  <testcase classname="com.jkl.testCases.BaseClass" name="@AfterTest Logout" time="-1.718167019981E9">
    <skipped/>
  </testcase> <!-- @AfterTest Logout -->
  <testcase classname="com.jkl.testCases.BaseClass" name="@AfterTest Teardown" time="-1.718167019982E9">
    <skipped/>
  </testcase> <!-- @AfterTest Teardown -->
  <testcase classname="com.jkl.testCases.TC_Tenants" name="test_ViewCustomers" time="0.0">
    <skipped/>
  </testcase> <!-- test_ViewCustomers -->
  <testcase classname="com.jkl.testCases.TC_Tenants" name="test_DeactivateTenant" time="0.0">
    <skipped/>
  </testcase> <!-- test_DeactivateTenant -->
  <testcase classname="com.jkl.testCases.TC_Tenants" name="test_ActivateTenant" time="0.0">
    <skipped/>
  </testcase> <!-- test_ActivateTenant -->
  <testcase classname="com.jkl.testCases.TC_Tenants" name="test_ArchiveTenant" time="0.0">
    <skipped/>
  </testcase> <!-- test_ArchiveTenant -->
  <testcase classname="com.jkl.testCases.TC_Tenants" name="test_RestoreTenant" time="0.0">
    <skipped/>
  </testcase> <!-- test_RestoreTenant -->
</testsuite> <!-- Default test -->
